生成启动时间为 2014/12/2 22:53:14。
     1>项目“E:\software\protobuf-2.6.0\protobuf-2.6.0\vsprojects\libprotobuf-lite.vcxproj”在节点 4 上(Build 个目标)。
     1>ClCompile:
         D:\Microsoft Visual Studio 11.0\VC\bin\CL.exe /c /I../src /I. /ZI /nologo /W3 /WX- /Od /Oy- /D WIN32 /D _DEBUG /D _WINDOWS /D _USRDLL /D LIBPROTOBUF_EXPORTS /Gm /EHsc /RTC1 /MDd /GS /fp:precise /Zc:wchar_t /Zc:forScope /Fo"Debug\\" /Fd"Debug\vc110.pdb" /Gd /TP /analyze- /errorReport:prompt /wd4244 /wd4267 /wd4018 /wd4355 /wd4800 /wd4251 /wd4996 /wd4146 /wd4305 ..\src\google\protobuf\io\coded_stream.cc ..\src\google\protobuf\stubs\common.cc ..\src\google\protobuf\extension_set.cc ..\src\google\protobuf\generated_message_util.cc ..\src\google\protobuf\message_lite.cc ..\src\google\protobuf\stubs\once.cc ..\src\google\protobuf\stubs\atomicops_internals_x86_msvc.cc ..\src\google\protobuf\repeated_field.cc ..\src\google\protobuf\wire_format_lite.cc ..\src\google\protobuf\io\zero_copy_stream.cc ..\src\google\protobuf\io\zero_copy_stream_impl_lite.cc ..\src\google\protobuf\stubs\stringprintf.cc
         stringprintf.cc
         zero_copy_stream_impl_lite.cc
         zero_copy_stream.cc
         wire_format_lite.cc
         repeated_field.cc
         atomicops_internals_x86_msvc.cc
         once.cc
         message_lite.cc
         generated_message_util.cc
         extension_set.cc
         common.cc
         coded_stream.cc
         正在生成代码...
     1>e:\software\protobuf-2.6.0\protobuf-2.6.0\src\google\protobuf\extension_set.cc(74): warning C4715: “google::protobuf::internal::`anonymous namespace'::is_packable”: 不是所有的控件路径都返回值
       Lib:
         D:\Microsoft Visual Studio 11.0\VC\bin\Lib.exe /OUT:"Debug\libprotobuf-lite.lib" /NOLOGO Debug\coded_stream.obj
         Debug\common.obj
         Debug\extension_set.obj
         Debug\generated_message_util.obj
         Debug\message_lite.obj
         Debug\once.obj
         Debug\atomicops_internals_x86_msvc.obj
         Debug\repeated_field.obj
         Debug\wire_format_lite.obj
         Debug\zero_copy_stream.obj
         Debug\zero_copy_stream_impl_lite.obj
         Debug\stringprintf.obj
         libprotobuf-lite.vcxproj -> E:\software\protobuf-2.6.0\protobuf-2.6.0\vsprojects\Debug\libprotobuf-lite.lib
     1>已完成生成项目“E:\software\protobuf-2.6.0\protobuf-2.6.0\vsprojects\libprotobuf-lite.vcxproj”(Build 个目标)的操作。

生成成功。

已用时间 00:00:27.17
